--- Starting Publish: Sat Dec 13 13:08:08 PST 2025 ---
[main e2b01d3] Portfolio Update: 2025-12-13 13:08:08
 Committer: Leo Wuellner <leo@Leos-MacBook-Air-2.local>
Your name and email address were configured automatically based
on your username and hostname. Please check that they are accurate.
You can suppress this message by setting them explicitly:

    git config --global user.name "Your Name"
    git config --global user.email you@example.com

After doing this, you may fix the identity used for this commit with:

    git commit --amend --reset-author

 1 file changed, 1 insertion(+)
 create mode 100644 logs/publish.log
remote: Repository not found.
fatal: repository 'https://github.com/TheRealLaw/portfolio.git/' not found
--- Publish Complete ---
--- Starting Publish: Sat Dec 13 13:10:17 PST 2025 ---
[main ebff88d] Portfolio Update: 2025-12-13 13:10:17
 Committer: Leo Wuellner <leo@Leos-MacBook-Air-2.local>
Your name and email address were configured automatically based
on your username and hostname. Please check that they are accurate.
You can suppress this message by setting them explicitly:

    git config --global user.name "Your Name"
    git config --global user.email you@example.com

After doing this, you may fix the identity used for this commit with:

    git commit --amend --reset-author

 1 file changed, 19 insertions(+)
--- Starting Publish: Sat Dec 13 13:12:44 PST 2025 ---
